<?xml version="1.0" encoding="UTF-8"?>
<robot generator="Robot 7.3.2 (Python 3.13.6 on win32)" generated="2025-09-01T16:55:20.811939" rpa="false" schemaversion="5">
<suite id="s1" name="Api Usuarios Test" source="c:\Users\md711\Documents\CompassUOL\API-ROBOT-FRAMEWORK\tests\api_usuarios_test.robot">
<test id="s1-t1" name="Cenario 12: GET Obter usuario com ID invalido" line="86">
<kw name="GET Obter Usuario por ID invalido" owner="api_usuarios">
<kw name="Criar Sessão na reqres_api API" owner="api_usuarios">
<kw name="Create Dictionary" owner="BuiltIn">
<msg time="2025-09-01T16:55:20.914391" level="INFO">${headers} = {'accept': 'application/json', 'Content-Type': 'application/json', 'x-api-key': 'reqres-free-v1'}</msg>
<var>${headers}</var>
<arg>accept=application/json</arg>
<arg>Content-Type=application/json</arg>
<arg>x-api-key=reqres-free-v1</arg>
<doc>Creates and returns a dictionary based on the given ``items``.</doc>
<status status="PASS" start="2025-09-01T16:55:20.914188" elapsed="0.001370"/>
</kw>
<kw name="Create Session" owner="RequestsLibrary">
<msg time="2025-09-01T16:55:20.916016" level="INFO">Creating Session using : alias=reqres_api, url=https://reqres.in/api, headers={'accept': 'application/json', 'Content-Type': 'application/json', 'x-api-key': 'reqres-free-v1'},                     cookies={}, auth=None, timeout=None, proxies=None, verify=False,                     debug=0 </msg>
<arg>alias=reqres_api</arg>
<arg>url=https://reqres.in/api</arg>
<arg>headers=${headers}</arg>
<doc>Create Session: create a HTTP session to a server</doc>
<status status="PASS" start="2025-09-01T16:55:20.915741" elapsed="0.000574"/>
</kw>
<status status="PASS" start="2025-09-01T16:55:20.913870" elapsed="0.002563"/>
</kw>
<kw name="GET On Session" owner="RequestsLibrary">
<msg time="2025-09-01T16:55:21.783478" level="INFO">GET Request : url=https://reqres.in/api/users/111111111111111 
 path_url=/api/users/111111111111111 
 headers={'User-Agent': 'python-requests/2.32.5', 'Accept-Encoding': 'gzip, deflate', 'accept': 'application/json', 'Connection': 'keep-alive', 'Content-Type': 'application/json', 'x-api-key': 'reqres-free-v1'} 
 body=None 
 </msg>
<msg time="2025-09-01T16:55:21.783719" level="INFO">GET Response : url=https://reqres.in/api/users/111111111111111 
 status=404, reason=Not Found 
 headers={'Date': 'Mon, 01 Sep 2025 19:56:37 GMT', 'Content-Type': 'application/json; charset=utf-8', 'Content-Length': '2', 'Connection': 'keep-alive', 'CF-RAY': '978754f7f97d0afd-BSB', 'Access-Control-Allow-Credentials': 'true', 'Access-Control-Allow-Headers': 'Origin, X-Requested-With, Content-Type, Accept, Authorization, x-api-key', 'Access-Control-Allow-Methods': 'GET, POST, PUT, DELETE, OPTIONS', 'Access-Control-Allow-Origin': 'http://localhost:5173', 'Etag': 'W/"2-vyGp6PvFo4RvsFtPoIWeCReyIC8"', 'Nel': '{"report_to":"heroku-nel","response_headers":["Via"],"max_age":3600,"success_fraction":0.01,"failure_fraction":0.1}', 'Ratelimit-Limit': '100', 'Ratelimit-Policy': '100;w=60', 'Ratelimit-Remaining': '96', 'Ratelimit-Reset': '44', 'Referrer-Policy': 'strict-origin-when-cross-origin', 'Report-To': '{"group":"heroku-nel","endpoints":[{"url":"https://nel.heroku.com/reports?s=FPXgpZ3rFcVTlGULFOu1DJqG%2BnzqNUO0KzRT62UtPI4%3D\\u0026sid=c4c9725f-1ab0-44d8-820f-430df2718e11\\u0026ts=1756756596"}],"max_age":3600}', 'Reporting-Endpoints': 'heroku-nel="https://nel.heroku.com/reports?s=FPXgpZ3rFcVTlGULFOu1DJqG%2BnzqNUO0KzRT62UtPI4%3D&amp;sid=c4c9725f-1ab0-44d8-820f-430df2718e11&amp;ts=1756756596"', 'Vary': 'Origin, Accept-Encoding', 'Via': '1.1 heroku-router', 'X-Content-Type-Options': 'nosniff', 'X-Frame-Options': 'DENY', 'X-Request-Id': '78dbe780-be74-ca07-10e1-e4bd13d6ab61', 'X-Xss-Protection': '1; mode=block', 'Cache-Control': 'max-age=14400', 'cf-cache-status': 'MISS', 'Server': 'cloudflare', 'server-timing': 'cfL4;desc="?proto=TCP&amp;rtt=46547&amp;min_rtt=46524&amp;rtt_var=17492&amp;sent=4&amp;recv=6&amp;lost=0&amp;retrans=0&amp;sent_bytes=2832&amp;recv_bytes=856&amp;delivery_rate=61659&amp;cwnd=251&amp;unsent_bytes=0&amp;cid=64ded7540feb6b0b&amp;ts=757&amp;x=0"'} 
 body={} 
 </msg>
<msg time="2025-09-01T16:55:21.783832" level="INFO">c:\Users\md711\AppData\Local\Programs\Python\Python313\Lib\site-packages\urllib3\connectionpool.py:1097: InsecureRequestWarning: Unverified HTTPS request is being made to host 'reqres.in'. Adding certificate verification is strongly advised. See: https://urllib3.readthedocs.io/en/latest/advanced-usage.html#tls-warnings
  warnings.warn(</msg>
<msg time="2025-09-01T16:55:21.784084" level="INFO">${response} = &lt;Response [404]&gt;</msg>
<var>${response}</var>
<arg>alias=reqres_api</arg>
<arg>url=/users/${id}</arg>
<arg>expected_status=404</arg>
<doc>Sends a GET request on a previously created HTTP Session.</doc>
<status status="PASS" start="2025-09-01T16:55:20.916526" elapsed="0.867626"/>
</kw>
<return>
<value>${response}</value>
<status status="PASS" start="2025-09-01T16:55:21.784249" elapsed="0.000100"/>
</return>
<msg time="2025-09-01T16:55:21.784483" level="INFO">${resposta} = &lt;Response [404]&gt;</msg>
<var>${resposta}</var>
<arg>id=111111111111111</arg>
<status status="PASS" start="2025-09-01T16:55:20.913564" elapsed="0.871186"/>
</kw>
<kw name="Validar Status Code" owner="api_usuarios">
<kw name="Should Be True" owner="BuiltIn">
<arg>${status_code_recebido} == ${status_code_esperado}</arg>
<doc>Fails if the given condition is not true.</doc>
<status status="PASS" start="2025-09-01T16:55:21.785564" elapsed="0.000200"/>
</kw>
<arg>404</arg>
<arg>${resposta.status_code}</arg>
<status status="PASS" start="2025-09-01T16:55:21.785099" elapsed="0.000732"/>
</kw>
<kw name="Log To Console" owner="BuiltIn">
<arg>Resposta 404 para usuario invalido.</arg>
<doc>Logs the given message to the console.</doc>
<status status="PASS" start="2025-09-01T16:55:21.786256" elapsed="0.000162"/>
</kw>
<tag>GET</tag>
<status status="PASS" start="2025-09-01T16:55:20.912965" elapsed="0.873672"/>
</test>
<doc>Keywords de teste para a API reqres.in</doc>
<status status="PASS" start="2025-09-01T16:55:20.814366" elapsed="0.972938"/>
</suite>
<statistics>
<total>
<stat pass="1" fail="0" skip="0">All Tests</stat>
</total>
<tag>
<stat pass="1" fail="0" skip="0">GET</stat>
</tag>
<suite>
<stat name="Api Usuarios Test" id="s1" pass="1" fail="0" skip="0">Api Usuarios Test</stat>
</suite>
</statistics>
<errors>
<msg time="2025-09-01T16:55:20.836378" level="WARN">Error in file 'c:\Users\md711\Documents\CompassUOL\API-ROBOT-FRAMEWORK\resources\api_usuarios.resource' on line 41: The '[Return]' setting is deprecated. Use the 'RETURN' statement instead.</msg>
<msg time="2025-09-01T16:55:20.836759" level="WARN">Error in file 'c:\Users\md711\Documents\CompassUOL\API-ROBOT-FRAMEWORK\resources\api_usuarios.resource' on line 62: The '[Return]' setting is deprecated. Use the 'RETURN' statement instead.</msg>
<msg time="2025-09-01T16:55:20.837003" level="WARN">Error in file 'c:\Users\md711\Documents\CompassUOL\API-ROBOT-FRAMEWORK\resources\api_usuarios.resource' on line 77: The '[Return]' setting is deprecated. Use the 'RETURN' statement instead.</msg>
<msg time="2025-09-01T16:55:20.837225" level="WARN">Error in file 'c:\Users\md711\Documents\CompassUOL\API-ROBOT-FRAMEWORK\resources\api_usuarios.resource' on line 89: The '[Return]' setting is deprecated. Use the 'RETURN' statement instead.</msg>
<msg time="2025-09-01T16:55:20.837480" level="WARN">Error in file 'c:\Users\md711\Documents\CompassUOL\API-ROBOT-FRAMEWORK\resources\api_usuarios.resource' on line 100: The '[Return]' setting is deprecated. Use the 'RETURN' statement instead.</msg>
<msg time="2025-09-01T16:55:20.837762" level="WARN">Error in file 'c:\Users\md711\Documents\CompassUOL\API-ROBOT-FRAMEWORK\resources\api_usuarios.resource' on line 112: The '[Return]' setting is deprecated. Use the 'RETURN' statement instead.</msg>
<msg time="2025-09-01T16:55:20.838057" level="WARN">Error in file 'c:\Users\md711\Documents\CompassUOL\API-ROBOT-FRAMEWORK\resources\api_usuarios.resource' on line 122: The '[Return]' setting is deprecated. Use the 'RETURN' statement instead.</msg>
<msg time="2025-09-01T16:55:20.838345" level="WARN">Error in file 'c:\Users\md711\Documents\CompassUOL\API-ROBOT-FRAMEWORK\resources\api_usuarios.resource' on line 141: The '[Return]' setting is deprecated. Use the 'RETURN' statement instead.</msg>
<msg time="2025-09-01T16:55:20.838601" level="WARN">Error in file 'c:\Users\md711\Documents\CompassUOL\API-ROBOT-FRAMEWORK\resources\api_usuarios.resource' on line 153: The '[Return]' setting is deprecated. Use the 'RETURN' statement instead.</msg>
<msg time="2025-09-01T16:55:20.838778" level="WARN">Error in file 'c:\Users\md711\Documents\CompassUOL\API-ROBOT-FRAMEWORK\resources\api_usuarios.resource' on line 160: The '[Return]' setting is deprecated. Use the 'RETURN' statement instead.</msg>
<msg time="2025-09-01T16:55:20.838981" level="WARN">Error in file 'c:\Users\md711\Documents\CompassUOL\API-ROBOT-FRAMEWORK\resources\api_usuarios.resource' on line 168: The '[Return]' setting is deprecated. Use the 'RETURN' statement instead.</msg>
<msg time="2025-09-01T16:55:20.839155" level="WARN">Error in file 'c:\Users\md711\Documents\CompassUOL\API-ROBOT-FRAMEWORK\resources\api_usuarios.resource' on line 176: The '[Return]' setting is deprecated. Use the 'RETURN' statement instead.</msg>
<msg time="2025-09-01T16:55:20.839344" level="WARN">Error in file 'c:\Users\md711\Documents\CompassUOL\API-ROBOT-FRAMEWORK\resources\api_usuarios.resource' on line 183: The '[Return]' setting is deprecated. Use the 'RETURN' statement instead.</msg>
<msg time="2025-09-01T16:55:20.839586" level="WARN">Error in file 'c:\Users\md711\Documents\CompassUOL\API-ROBOT-FRAMEWORK\resources\api_usuarios.resource' on line 191: The '[Return]' setting is deprecated. Use the 'RETURN' statement instead.</msg>
<msg time="2025-09-01T16:55:20.839771" level="WARN">Error in file 'c:\Users\md711\Documents\CompassUOL\API-ROBOT-FRAMEWORK\resources\api_usuarios.resource' on line 199: The '[Return]' setting is deprecated. Use the 'RETURN' statement instead.</msg>
<msg time="2025-09-01T16:55:20.839913" level="WARN">Error in file 'c:\Users\md711\Documents\CompassUOL\API-ROBOT-FRAMEWORK\resources\api_usuarios.resource' on line 208: The '[Return]' setting is deprecated. Use the 'RETURN' statement instead.</msg>
<msg time="2025-09-01T16:55:20.840050" level="WARN">Error in file 'c:\Users\md711\Documents\CompassUOL\API-ROBOT-FRAMEWORK\resources\api_usuarios.resource' on line 216: The '[Return]' setting is deprecated. Use the 'RETURN' statement instead.</msg>
<msg time="2025-09-01T16:55:20.840181" level="WARN">Error in file 'c:\Users\md711\Documents\CompassUOL\API-ROBOT-FRAMEWORK\resources\api_usuarios.resource' on line 225: The '[Return]' setting is deprecated. Use the 'RETURN' statement instead.</msg>
<msg time="2025-09-01T16:55:20.840307" level="WARN">Error in file 'c:\Users\md711\Documents\CompassUOL\API-ROBOT-FRAMEWORK\resources\api_usuarios.resource' on line 234: The '[Return]' setting is deprecated. Use the 'RETURN' statement instead.</msg>
<msg time="2025-09-01T16:55:20.840456" level="WARN">Error in file 'c:\Users\md711\Documents\CompassUOL\API-ROBOT-FRAMEWORK\resources\api_usuarios.resource' on line 243: The '[Return]' setting is deprecated. Use the 'RETURN' statement instead.</msg>
<msg time="2025-09-01T16:55:20.840602" level="WARN">Error in file 'c:\Users\md711\Documents\CompassUOL\API-ROBOT-FRAMEWORK\resources\api_usuarios.resource' on line 254: The '[Return]' setting is deprecated. Use the 'RETURN' statement instead.</msg>
<msg time="2025-09-01T16:55:20.840733" level="WARN">Error in file 'c:\Users\md711\Documents\CompassUOL\API-ROBOT-FRAMEWORK\resources\api_usuarios.resource' on line 264: The '[Return]' setting is deprecated. Use the 'RETURN' statement instead.</msg>
<msg time="2025-09-01T16:55:20.840863" level="WARN">Error in file 'c:\Users\md711\Documents\CompassUOL\API-ROBOT-FRAMEWORK\resources\api_usuarios.resource' on line 273: The '[Return]' setting is deprecated. Use the 'RETURN' statement instead.</msg>
<msg time="2025-09-01T16:55:20.841021" level="WARN">Error in file 'c:\Users\md711\Documents\CompassUOL\API-ROBOT-FRAMEWORK\resources\api_usuarios.resource' on line 283: The '[Return]' setting is deprecated. Use the 'RETURN' statement instead.</msg>
<msg time="2025-09-01T16:55:20.841181" level="WARN">Error in file 'c:\Users\md711\Documents\CompassUOL\API-ROBOT-FRAMEWORK\resources\api_usuarios.resource' on line 293: The '[Return]' setting is deprecated. Use the 'RETURN' statement instead.</msg>
<msg time="2025-09-01T16:55:20.841320" level="WARN">Error in file 'c:\Users\md711\Documents\CompassUOL\API-ROBOT-FRAMEWORK\resources\api_usuarios.resource' on line 306: The '[Return]' setting is deprecated. Use the 'RETURN' statement instead.</msg>
<msg time="2025-09-01T16:55:20.841515" level="WARN">Error in file 'c:\Users\md711\Documents\CompassUOL\API-ROBOT-FRAMEWORK\resources\api_usuarios.resource' on line 316: The '[Return]' setting is deprecated. Use the 'RETURN' statement instead.</msg>
<msg time="2025-09-01T16:55:20.841700" level="WARN">Error in file 'c:\Users\md711\Documents\CompassUOL\API-ROBOT-FRAMEWORK\resources\api_usuarios.resource' on line 327: The '[Return]' setting is deprecated. Use the 'RETURN' statement instead.</msg>
<msg time="2025-09-01T16:55:20.841846" level="WARN">Error in file 'c:\Users\md711\Documents\CompassUOL\API-ROBOT-FRAMEWORK\resources\api_usuarios.resource' on line 338: The '[Return]' setting is deprecated. Use the 'RETURN' statement instead.</msg>
<msg time="2025-09-01T16:55:20.841983" level="WARN">Error in file 'c:\Users\md711\Documents\CompassUOL\API-ROBOT-FRAMEWORK\resources\api_usuarios.resource' on line 347: The '[Return]' setting is deprecated. Use the 'RETURN' statement instead.</msg>
<msg time="2025-09-01T16:55:20.842110" level="WARN">Error in file 'c:\Users\md711\Documents\CompassUOL\API-ROBOT-FRAMEWORK\resources\api_usuarios.resource' on line 355: The '[Return]' setting is deprecated. Use the 'RETURN' statement instead.</msg>
<msg time="2025-09-01T16:55:20.842296" level="WARN">Error in file 'c:\Users\md711\Documents\CompassUOL\API-ROBOT-FRAMEWORK\resources\api_usuarios.resource' on line 364: The '[Return]' setting is deprecated. Use the 'RETURN' statement instead.</msg>
<msg time="2025-09-01T16:55:20.842516" level="WARN">Error in file 'c:\Users\md711\Documents\CompassUOL\API-ROBOT-FRAMEWORK\resources\api_usuarios.resource' on line 373: The '[Return]' setting is deprecated. Use the 'RETURN' statement instead.</msg>
<msg time="2025-09-01T16:55:20.842714" level="WARN">Error in file 'c:\Users\md711\Documents\CompassUOL\API-ROBOT-FRAMEWORK\resources\api_usuarios.resource' on line 383: The '[Return]' setting is deprecated. Use the 'RETURN' statement instead.</msg>
</errors>
</robot>
